[debug] [2024-03-10T02:10:09.125Z] ----------------------------------------------------------------------
[debug] [2024-03-10T02:10:09.126Z] Command:       C:\Program Files\nodejs\node.exe C:\Users\fprh6\AppData\Roaming\npm\node_modules\firebase-tools\lib\bin\firebase.js init
[debug] [2024-03-10T02:10:09.127Z] CLI Version:   13.4.1
[debug] [2024-03-10T02:10:09.127Z] Platform:      win32
[debug] [2024-03-10T02:10:09.127Z] Node Version:  v18.14.2
[debug] [2024-03-10T02:10:09.128Z] Time:          Sat Mar 09 2024 20:10:09 GMT-0600 (Central Standard Time)
[debug] [2024-03-10T02:10:09.128Z] ----------------------------------------------------------------------
[debug] 
[debug] [2024-03-10T02:10:09.136Z] > command requires scopes: ["email","openid","https://www.googleapis.com/auth/cloudplatformprojects.readonly","https://www.googleapis.com/auth/firebase","https://www.googleapis.com/auth/cloud-platform"]
[debug] [2024-03-10T02:10:09.137Z] > authorizing via signed-in user (slee2332@wisc.edu)
[info] 
     ######## #### ########  ######## ########     ###     ######  ########
     ##        ##  ##     ## ##       ##     ##  ##   ##  ##       ##
     ######    ##  ########  ######   ########  #########  ######  ######
     ##        ##  ##    ##  ##       ##     ## ##     ##       ## ##
     ##       #### ##     ## ######## ########  ##     ##  ######  ########

You're about to initialize a Firebase project in this directory:

  C:\Users\fprh6\classes\is424\infosys424_project

[info] 
=== Project Setup
[info] 
[info] First, let's associate this project directory with a Firebase project.
[info] You can create multiple project aliases by running firebase use --add, 
[info] but for now we'll just set up a default project.
[info] 
[debug] [2024-03-10T02:10:32.088Z] > refreshing access token with scopes: []
[debug] [2024-03-10T02:10:32.090Z] >>> [apiv2][query] POST https://www.googleapis.com/oauth2/v3/token [none]
[debug] [2024-03-10T02:10:32.091Z] >>> [apiv2][body] POST https://www.googleapis.com/oauth2/v3/token [omitted]
[debug] [2024-03-10T02:10:32.377Z] <<< [apiv2][status] POST https://www.googleapis.com/oauth2/v3/token 400
[debug] [2024-03-10T02:10:32.377Z] <<< [apiv2][body] POST https://www.googleapis.com/oauth2/v3/token [omitted]
[debug] [2024-03-10T02:10:32.379Z] >>> [apiv2][query] GET https://firebase.googleapis.com/v1beta1/projects pageSize=100
[debug] [2024-03-10T02:10:32.614Z] <<< [apiv2][status] GET https://firebase.googleapis.com/v1beta1/projects 401
[debug] [2024-03-10T02:10:32.614Z] <<< [apiv2][body] GET https://firebase.googleapis.com/v1beta1/projects [omitted]
[debug] [2024-03-10T02:10:32.615Z] HTTP Error: 401, Request had invalid authentication credentials. Expected OAuth 2 access token, login cookie or other valid authentication credential. See https://developers.google.com/identity/sign-in/web/devconsole-project.
[debug] [2024-03-10T02:10:32.846Z] FirebaseError: HTTP Error: 401, Request had invalid authentication credentials. Expected OAuth 2 access token, login cookie or other valid authentication credential. See https://developers.google.com/identity/sign-in/web/devconsole-project.
    at responseToError (C:\Users\fprh6\AppData\Roaming\npm\node_modules\firebase-tools\lib\responseToError.js:49:12)
    at RetryOperation._fn (C:\Users\fprh6\AppData\Roaming\npm\node_modules\firebase-tools\lib\apiv2.js:297:77)
    at process.processTicksAndRejections (node:internal/process/task_queues:95:5)
[error] 
[error] Error: Failed to list Firebase projects. See firebase-debug.log for more info.
